<?xml version="1.0" encoding="UTF-8"?>
<!-- Generated by org.testng.reporters.JUnitReportReporter -->
<testsuite hostname="VijayKumar" failures="0" tests="1" name="com.crm.Campaigns.ToCreateAndVerifyTheCampaignsTest1" time="29.448" errors="0" timestamp="2022-06-14T16:22:40 IST" skipped="0">
  <testcase classname="com.crm.Campaigns.ToCreateAndVerifyTheCampaignsTest1" name="ToCreateAndVerifyTheCampaignsTest" time="29.448"/>
  <system-out/>
</testsuite> <!-- com.crm.Campaigns.ToCreateAndVerifyTheCampaignsTest1 -->
