<?xml version="1.0" encoding="UTF-8"?>
<!-- Generated by org.testng.reporters.JUnitReportReporter -->
<testsuite hostname="VijayKumar" failures="0" tests="1" name="com.crm.productassignment.ToCreateAndVerifyTheProductTest" time="17.585" errors="0" timestamp="2022-06-20T16:07:45 IST" skipped="0">
  <testcase classname="com.crm.productassignment.ToCreateAndVerifyTheProductTest" name="toCreateAndVerifyTheProductTest" time="17.585"/>
  <system-out/>
</testsuite> <!-- com.crm.productassignment.ToCreateAndVerifyTheProductTest -->
