<?xml version="1.0" encoding="UTF-8"?>
<!-- Generated by org.testng.reporters.JUnitReportReporter -->
<testsuite hostname="VijayKumar" failures="0" tests="1" name="com.crm.Organization.ToCreateAndVerifyOrganizationTest" time="20.146" errors="0" timestamp="2022-06-20T16:04:25 IST" skipped="0">
  <testcase classname="com.crm.Organization.ToCreateAndVerifyOrganizationTest" name="toCreateAndVerifyOrganizationTest" time="20.146"/>
  <system-out/>
</testsuite> <!-- com.crm.Organization.ToCreateAndVerifyOrganizationTest -->
