<?xml version="1.0" encoding="UTF-8"?>
<!-- Generated by org.testng.reporters.JUnitReportReporter -->
<testsuite hostname="VijayKumar" failures="0" tests="1" name="com.crm.purchaseorder.ToCreateAndVerifyThePurchaseOrderTest" time="54.270" errors="0" timestamp="2022-06-23T19:25:12 IST" skipped="0">
  <testcase classname="com.crm.purchaseorder.ToCreateAndVerifyThePurchaseOrderTest" name="toCreateAndVerifyThePurchaseOrderTest" time="54.270"/>
  <system-out/>
</testsuite> <!-- com.crm.purchaseorder.ToCreateAndVerifyThePurchaseOrderTest -->
