<?xml version="1.0" encoding="UTF-8"?>
<!-- Generated by org.testng.reporters.JUnitReportReporter -->
<testsuite hostname="VijayKumar" failures="0" tests="1" name="com.crm.Product.ToCreateAndVerifyProductTest" time="18.797" errors="0" timestamp="2022-06-20T16:04:57 IST" skipped="0">
  <testcase classname="com.crm.Product.ToCreateAndVerifyProductTest" name="toCreateAndVerifyProductTest" time="18.797"/>
  <system-out/>
</testsuite> <!-- com.crm.Product.ToCreateAndVerifyProductTest -->
