<?xml version="1.0" encoding="UTF-8"?>
<!-- Generated by org.testng.reporters.JUnitReportReporter -->
<testsuite hostname="VijayKumar" failures="0" tests="1" name="com.crm.vtiger.ToCreateAndVerifyTheDocumentsTest" time="10.502" errors="0" timestamp="2022-06-16T13:17:55 IST" skipped="0">
  <testcase classname="com.crm.vtiger.ToCreateAndVerifyTheDocumentsTest" name="toCreateAndVerifyTheDocumentsTest" time="10.502"/>
  <system-out/>
</testsuite> <!-- com.crm.vtiger.ToCreateAndVerifyTheDocumentsTest -->
