<?xml version="1.0" encoding="UTF-8"?>
<!-- Generated by org.testng.reporters.JUnitReportReporter -->
<testsuite hostname="VijayKumar" failures="0" tests="1" name="com.crm.vtiger.ToCreateProductsAndVerifyProductTest" time="10.872" errors="0" timestamp="2022-06-14T17:12:42 IST" skipped="0">
  <testcase classname="com.crm.vtiger.ToCreateProductsAndVerifyProductTest" name="tocreateProductsAndVerifyProductTest" time="10.872"/>
  <system-out/>
</testsuite> <!-- com.crm.vtiger.ToCreateProductsAndVerifyProductTest -->
