<?xml version="1.0" encoding="UTF-8"?>
<!-- Generated by org.testng.reporters.JUnitReportReporter -->
<testsuite hostname="VijayKumar" failures="0" tests="6" name="com.crm.TestNG.AnimalsTest" time="0.010" errors="0" timestamp="2022-06-13T16:54:53 IST" skipped="0">
  <testcase classname="com.crm.TestNG.AnimalsTest" name="elaphantTest" time="0.001"/>
  <system-out>
    <![CDATA[big]]>
  </system-out>
  <testcase classname="com.crm.TestNG.AnimalsTest" name="dogTest" time="0.001"/>
  <system-out>
    <![CDATA[medium]]>
  </system-out>
  <testcase classname="com.crm.TestNG.AnimalsTest" name="dogTest" time="0.000"/>
  <system-out>
    <![CDATA[medium]]>
  </system-out>
  <testcase classname="com.crm.TestNG.AnimalsTest" name="dogTest" time="0.007"/>
  <system-out>
    <![CDATA[medium]]>
  </system-out>
  <testcase classname="com.crm.TestNG.AnimalsTest" name="dogTest" time="0.000"/>
  <system-out>
    <![CDATA[medium]]>
  </system-out>
  <testcase classname="com.crm.TestNG.AnimalsTest" name="ratTest" time="0.001"/>
  <system-out>
    <![CDATA[small]]>
  </system-out>
</testsuite> <!-- com.crm.TestNG.AnimalsTest -->
