<?xml version="1.0" encoding="UTF-8"?>
<!-- Generated by org.testng.reporters.JUnitReportReporter -->
<testsuite hostname="VijayKumar" failures="0" tests="3" name="com.crm.TestNG.SbiBankTest" time="0.011" errors="0" timestamp="2022-06-14T13:28:20 IST" skipped="0">
  <testcase classname="com.crm.TestNG.SbiBankTest" name="transactionOfAmountTest" time="0.001"/>
  <system-out/>
  <testcase classname="com.crm.TestNG.SbiBankTest" name="transactionOfAmountTest" time="0.009"/>
  <system-out/>
  <testcase classname="com.crm.TestNG.SbiBankTest" name="transactionOfAmountTest" time="0.001"/>
  <system-out/>
</testsuite> <!-- com.crm.TestNG.SbiBankTest -->
