<?xml version="1.0" encoding="UTF-8"?>
<!-- Generated by org.testng.reporters.JUnitReportReporter -->
<testsuite hostname="VijayKumar" failures="0" tests="2" name="com.crm.vtiger.test" time="31.797" errors="0" timestamp="2022-06-16T23:29:01 IST" skipped="0">
  <testcase classname="com.crm.vtiger.test" name="logintoapp" time="15.471"/>
  <system-out/>
  <testcase classname="com.crm.vtiger.test" name="logintoapp" time="16.326"/>
  <system-out/>
</testsuite> <!-- com.crm.vtiger.test -->
