<?xml version="1.0" encoding="UTF-8"?>
<!-- Generated by org.testng.reporters.JUnitReportReporter -->
<testsuite hostname="VijayKumar" failures="0" tests="1" name="com.crm.productassignment.ToCreateAndVerifyTheVendorTest" time="19.691" errors="0" timestamp="2022-06-20T16:30:03 IST" skipped="0">
  <testcase classname="com.crm.productassignment.ToCreateAndVerifyTheVendorTest" name="toCreateAndVerifyTheVendorTest" time="19.691"/>
  <system-out/>
</testsuite> <!-- com.crm.productassignment.ToCreateAndVerifyTheVendorTest -->
