<?xml version="1.0" encoding="UTF-8"?>
<!-- Generated by org.testng.reporters.JUnitReportReporter -->
<testsuite hostname="VijayKumar" failures="0" tests="1" name="com.crm.Product.ToCreateAndVerifyTheProductTest" time="17.279" errors="0" timestamp="2022-06-20T16:05:29 IST" skipped="0">
  <testcase classname="com.crm.Product.ToCreateAndVerifyTheProductTest" name="toCreateAndVerifyTheProductTest" time="17.279"/>
  <system-out/>
</testsuite> <!-- com.crm.Product.ToCreateAndVerifyTheProductTest -->
