<?xml version="1.0" encoding="UTF-8"?>
<!-- Generated by org.testng.reporters.JUnitReportReporter -->
<testsuite hostname="VijayKumar" failures="0" tests="1" name="com.crm.productassignment.ToCreateAndVerifyTheMoreCurrenclesLinkTest" time="9.251" errors="0" timestamp="2022-06-14T16:54:05 IST" skipped="0">
  <testcase classname="com.crm.productassignment.ToCreateAndVerifyTheMoreCurrenclesLinkTest" name="toCreateAndVerifyTheMoreCurrenclesLinkTest" time="9.251"/>
  <system-out/>
</testsuite> <!-- com.crm.productassignment.ToCreateAndVerifyTheMoreCurrenclesLinkTest -->
