<?xml version="1.0" encoding="UTF-8"?>
<!-- Generated by org.testng.reporters.JUnitReportReporter -->
<testsuite hostname="VijayKumar" failures="0" tests="1" name="com.crm.Contacts.ToCreateAndVerifyContactsTest" time="21.766" errors="0" timestamp="2022-06-20T16:02:06 IST" skipped="0">
  <testcase classname="com.crm.Contacts.ToCreateAndVerifyContactsTest" name="toCreateAndVerifyContactsTest" time="21.766"/>
  <system-out/>
</testsuite> <!-- com.crm.Contacts.ToCreateAndVerifyContactsTest -->
