<?xml version="1.0" encoding="UTF-8"?>
<!-- Generated by org.testng.reporters.JUnitReportReporter -->
<testsuite hostname="VijayKumar" failures="0" tests="1" name="com.crm.purchaseorder.ToCreateAndVerifyThePurchaseOrderTest" time="52.404" errors="0" timestamp="2022-06-20T16:31:10 IST" skipped="0">
  <testcase classname="com.crm.purchaseorder.ToCreateAndVerifyThePurchaseOrderTest" name="toCreateAndVerifyThePurchaseOrderTest" time="52.404"/>
  <system-out/>
</testsuite> <!-- com.crm.purchaseorder.ToCreateAndVerifyThePurchaseOrderTest -->
