<?xml version="1.0" encoding="UTF-8"?>
<!-- Generated by org.testng.reporters.JUnitReportReporter -->
<testsuite hostname="VijayKumar" failures="0" tests="2" name="com.crm.TestNG.Animals" time="0.020" errors="0" timestamp="2022-06-16T23:12:55 IST" skipped="0">
  <testcase classname="com.crm.TestNG.Animals" name="animals" time="0.010"/>
  <system-out/>
  <testcase classname="com.crm.TestNG.Animals" name="animals" time="0.010"/>
  <system-out/>
</testsuite> <!-- com.crm.TestNG.Animals -->
