<?xml version="1.0" encoding="UTF-8"?>
<!-- Generated by org.testng.reporters.JUnitReportReporter -->
<testsuite hostname="VijayKumar" failures="0" tests="1" name="com.crm.Documents.ToCreateAndVerifyTheDocumentsTest" time="17.047" errors="0" timestamp="2022-06-20T16:10:56 IST" skipped="0">
  <testcase classname="com.crm.Documents.ToCreateAndVerifyTheDocumentsTest" name="toCreateAndVerifyTheDocumentsTest" time="17.047"/>
  <system-out/>
</testsuite> <!-- com.crm.Documents.ToCreateAndVerifyTheDocumentsTest -->
