<?xml version="1.0" encoding="UTF-8"?>
<!-- Generated by org.testng.reporters.JUnitReportReporter -->
<testsuite hostname="VijayKumar" failures="0" tests="1" name="com.crm.productassignment.ToCreateAndVerifyTheUsageUnitTest" time="18.351" errors="0" timestamp="2022-06-20T16:29:31 IST" skipped="0">
  <testcase classname="com.crm.productassignment.ToCreateAndVerifyTheUsageUnitTest" name="toCreateAndVerifyTheUsageUnitTest" time="18.351"/>
  <system-out/>
</testsuite> <!-- com.crm.productassignment.ToCreateAndVerifyTheUsageUnitTest -->
